<?xml version="1.0" encoding="UTF-8"?>
<!-- Generated by org.testng.reporters.JUnitXMLReporter -->
<testsuite ignored="0" hostname="DESKTOP-PP8RICL" failures="1" tests="8" name="Test" time="80.571" errors="0" timestamp="2024-09-21T19:11:14 BDT">
  <testcase classname="testCases.TC001_AccountRegistrationTest" name="verify_account_registration" time="1.816"/>
  <testcase classname="testCases.TC002_LoginTest" name="verify_login" time="4.341"/>
  <testcase classname="testCases.TC003_LoginDDT" name="verify_LoginDTT" time="1.477"/>
  <testcase classname="testCases.TC003_LoginDDT" name="verify_LoginDTT" time="10.78"/>
  <testcase classname="testCases.TC003_LoginDDT" name="verify_LoginDTT" time="10.984"/>
  <testcase classname="testCases.TC003_LoginDDT" name="verify_LoginDTT" time="10.991"/>
  <testcase classname="testCases.TC003_LoginDDT" name="verify_LoginDTT" time="13.291"/>
  <testcase classname="testCases.TC004_SearchProductTest" name="verify_productSearch" time="11.035">
    <failure type="java.lang.AssertionError" message="samsung phone expected [true] but found [false]">
      <![CDATA[java.lang.AssertionError: samsung phone expected [true] but found [false]
at testCases.TC004_SearchProductTest.verify_productSearch(TC004_SearchProductTest.java:28)
at java.base/java.util.ArrayList.forEach(ArrayList.java:1511)
... Removed 30 stack frames]]>
    </failure>
  </testcase> <!-- verify_productSearch -->
</testsuite> <!-- Test -->
